{
  "0 debug pnpm:scope": {
    "selected": 1,
    "workspacePrefix": "/project/contentsgarten"
  },
  "1 error pnpm": {
    "code": "ELIFECYCLE",
    "errno": "ENOENT",
    "syscall": "spawn",
    "file": "sh",
    "pkgid": "cg-wiki@0.0.1",
    "stage": "dev",
    "script": "astro dev",
    "pkgname": "cg-wiki",
    "err": {
      "name": "pnpm",
      "message": "cg-wiki@0.0.1 dev: `astro dev`\nspawn ENOENT",
      "code": "ELIFECYCLE",
      "stack": "pnpm: cg-wiki@0.0.1 dev: `astro dev`\nspawn ENOENT\n    at ChildProcess.<anonymous> (/usr/local/pnpm-global/5/node_modules/.pnpm/pnpm@7.1.0/node_modules/pnpm/dist/pnpm.cjs:93448:22)\n    at ChildProcess.emit (node:events:513:28)\n    at maybeClose (node:internal/child_process:1093:16)\n    at Process.ChildProcess._handle.onexit (node:internal/child_process:302:5)"
    }
  },
  "2 warn pnpm:global": " Local package.json exists, but node_modules missing, did you mean to install?"
}